{
  "RSpec": {
    "coverage": {
      "/Users/dennis/apps/etsource/lib/etsource.rb": [
        1,
        1,
        null,
        1,
        1,
        1,
        1,
        null,
        1,
        1,
        null,
        1,
        null,
        1
      ],
      "/Users/dennis/apps/etsource/lib/etsource/active_document.rb": [
        1,
        null,
        1,
        null,
        1,
        null,
        1,
        41,
        null,
        34,
        85,
        41,
        null,
        null,
        null,
        null,
        null,
        null,
        null,
        null,
        null,
        1,
        42,
        null,
        null,
        null,
        1,
        9,
        null,
        null,
        null,
        1,
        6,
        5,
        4,
        null,
        null,
        1,
        17,
        null,
        null,
        null,
        null,
        1,
        51,
        17,
        17,
        null,
        null,
        null,
        null,
        1,
        4,
        4,
        null,
        null,
        1,
        0,
        null,
        null,
        1,
        0,
        null,
        null,
        null,
        1,
        null,
        null,
        null,
        null,
        null,
        1,
        45,
        44,
        9,
        null,
        44,
        8,
        null,
        44,
        null,
        null,
        null,
        1,
        4,
        4,
        4,
        4,
        null,
        4,
        null,
        null,
        1,
        2,
        2,
        null,
        null,
        null,
        1,
        0,
        null,
        null,
        null,
        null,
        1,
        6,
        6,
        0,
        null,
        6,
        null,
        null,
        null,
        null,
        1,
        6,
        29,
        29,
        17,
        null,
        29,
        null,
        null,
        null,
        null,
        1,
        29,
        null,
        null,
        null,
        null,
        1,
        17,
        17,
        34,
        null,
        17,
        null,
        null,
        1,
        34,
        34,
        null,
        34,
        null,
        null,
        null,
        null,
        null
      ],
      "/Users/dennis/apps/etsource/lib/etsource/parser.rb": [
        1,
        null,
        null,
        null,
        null,
        null,
        null,
        null,
        null,
        null,
        null,
        null,
        null,
        null,
        null,
        null,
        null,
        null,
        null,
        null,
        1,
        null,
        1,
        1,
        null,
        1,
        null,
        1,
        null,
        1,
        53,
        51,
        0,
        51,
        11,
        40,
        40,
        null,
        null,
        null,
        null,
        null,
        null,
        null,
        null,
        1,
        null,
        39,
        39,
        39,
        39,
        518,
        null,
        229,
        null,
        29,
        null,
        260,
        null,
        null,
        null,
        39,
        29,
        29,
        null,
        null,
        null,
        268,
        39,
        null,
        39,
        46,
        null,
        null,
        null,
        1,
        null,
        3,
        19,
        19,
        19,
        null,
        null,
        3,
        null,
        3,
        null,
        3,
        null,
        null,
        1,
        null,
        null,
        7,
        7,
        null,
        7,
        23,
        9,
        1,
        null,
        8,
        null,
        null,
        null,
        null,
        7,
        7,
        null,
        7,
        8,
        null,
        null,
        null,
        null,
        null
      ],
      "/Users/dennis/apps/etsource/lib/etsource/base.rb": [
        1,
        null,
        1,
        null,
        null,
        null,
        1,
        148,
        null,
        null,
        null,
        null,
        null
      ],
      "/Users/dennis/apps/etsource/lib/etsource/errors.rb": [
        1,
        null,
        1,
        null,
        null,
        null,
        null,
        null,
        null,
        null,
        null,
        null,
        null,
        null,
        null,
        null,
        null,
        1,
        3,
        6,
        3,
        null,
        null,
        null,
        null,
        1,
        0,
        null,
        null,
        1,
        1,
        null,
        null,
        1,
        2,
        null,
        null
      ],
      "/Users/dennis/apps/etsource/lib/etsource/input.rb": [
        1,
        null,
        1,
        null,
        1,
        null,
        null,
        null,
        null,
        null,
        1,
        1,
        null,
        null,
        null,
        null
      ],
      "/Users/dennis/apps/etsource/lib/etsource/gquery.rb": [
        1,
        null,
        1,
        null,
        1,
        null,
        1,
        1,
        null,
        null,
        null,
        null
      ],
      "/Users/dennis/apps/etsource/lib/etsource/dataset.rb": [
        1,
        null,
        1,
        null,
        1,
        null,
        1,
        1,
        null,
        null,
        1,
        0,
        null,
        null,
        null,
        null,
        null
      ],
      "/Users/dennis/apps/etsource/lib/etsource/energy_balance.rb": [
        1,
        null,
        null,
        null,
        null,
        null,
        null,
        null,
        1,
        null,
        1,
        null,
        1,
        null,
        1,
        12,
        12,
        null,
        null,
        null,
        1,
        11,
        null,
        null,
        null,
        null,
        1,
        null,
        9,
        null,
        null,
        null,
        null,
        1,
        1,
        1,
        null,
        null,
        null,
        1,
        null,
        null,
        null,
        null,
        1,
        9,
        162,
        null,
        null,
        null,
        null,
        null,
        1,
        9,
        null,
        null,
        null,
        1,
        9,
        null,
        8,
        null,
        1,
        null,
        0,
        null,
        null,
        null,
        null,
        null,
        null
      ],
      "/Users/dennis/apps/etsource/spec/etsource/base_spec.rb": [
        1,
        null,
        1,
        null,
        1,
        null,
        1,
        1,
        null,
        null,
        null,
        null,
        null
      ],
      "/Users/dennis/apps/etsource/spec/etsource/dataset_spec.rb": [
        1,
        null,
        1,
        null,
        1,
        null,
        1,
        1,
        1,
        null,
        null,
        null,
        null,
        null
      ],
      "/Users/dennis/apps/etsource/spec/etsource/energy_balance_spec.rb": [
        1,
        null,
        1,
        null,
        1,
        null,
        11,
        null,
        1,
        null,
        1,
        2,
        null,
        null,
        1,
        1,
        1,
        1,
        null,
        null,
        null,
        1,
        null,
        1,
        1,
        1,
        null,
        null,
        1,
        1,
        1,
        1,
        null,
        null,
        1,
        1,
        1,
        null,
        null,
        1,
        1,
        null,
        null,
        1,
        1,
        null,
        null,
        1,
        1,
        null,
        null,
        1,
        1,
        null,
        null,
        1,
        2,
        null,
        null,
        1,
        2,
        null,
        null,
        null,
        null,
        1,
        null,
        1,
        1,
        null,
        null,
        null,
        null,
        null,
        null,
        null
      ],
      "/Users/dennis/apps/etsource/spec/etsource/parser_spec.rb": [
        1,
        null,
        1,
        null,
        1,
        5,
        null,
        null,
        null,
        null,
        null,
        null,
        null,
        null,
        null,
        null,
        null,
        null,
        null,
        null,
        null,
        1,
        null,
        null,
        null,
        null,
        null,
        null,
        null,
        2,
        null,
        null,
        1,
        1,
        2,
        2,
        null,
        null,
        null,
        1,
        null,
        1,
        1,
        1,
        null,
        null,
        1,
        1,
        1,
        null,
        null,
        1,
        1,
        1,
        null,
        null,
        1,
        1,
        1,
        1,
        1,
        1,
        null,
        null,
        1,
        1,
        1,
        null,
        null,
        1,
        1,
        1,
        null,
        null,
        null,
        1,
        null,
        1,
        1,
        1,
        null,
        null,
        1,
        1,
        1,
        null,
        null,
        null,
        null,
        1,
        1,
        1,
        1,
        null,
        null,
        1,
        1,
        1,
        1,
        1,
        null,
        null,
        1,
        1,
        1,
        null,
        null,
        null,
        null,
        null
      ]
    },
    "timestamp": 1356620705
  }
}
